{
  service: 'cuadernillo-backend',
  environment: 'development',
  port: 5000,
  host: 'localhost',
  pid: 14732,
  level: 'info',
  message: 'Servidor iniciado',
  timestamp: '2025-09-30 22:12:36'
}
{
  service: 'cuadernillo-backend',
  environment: 'development',
  error: 'connect ECONNREFUSED ::1:27017, connect ECONNREFUSED 127.0.0.1:27017',
  level: 'error',
  message: 'Error al conectar a MongoDB',
  timestamp: '2025-09-30 22:12:41'
}
{
  message: 'MongoDB URI no configurada correctamente. Servidor iniciando sin base de datos.',
  level: 'warn',
  service: 'cuadernillo-backend',
  environment: 'development',
  timestamp: '2025-09-30 22:14:11'
}
{
  service: 'cuadernillo-backend',
  environment: 'development',
  atlas: 'Crear cuenta en MongoDB Atlas y actualizar MONGODB_URI en .env',
  local: 'Instalar MongoDB localmente y usar mongodb://localhost:27017/cuadernillo_interactivo',
  level: 'info',
  message: 'Para configurar MongoDB:',
  timestamp: '2025-09-30 22:14:11'
}
{
  service: 'cuadernillo-backend',
  environment: 'development',
  port: 5000,
  host: 'localhost',
  pid: 12192,
  level: 'info',
  message: 'Servidor iniciado',
  timestamp: '2025-09-30 22:14:11'
}
{
  service: 'cuadernillo-backend',
  environment: 'development',
  method: 'GET',
  url: '/api-docs?ide_webview_request_time=1759281266001',
  status: 301,
  duration: '5ms',
  ip: '::1',
  userAgent: 'Mozilla/5.0 (Windows NT 10.0; Win64; x64) AppleWebKit/537.36 (KHTML, like Gecko) Trae/1.100.3 Chrome/132.0.6834.210 Electron/34.5.1 Safari/537.36',
  userId: 'anonymous',
  level: 'info',
  message: 'HTTP Request',
  timestamp: '2025-09-30 22:14:26'
}
{
  service: 'cuadernillo-backend',
  environment: 'development',
  method: 'GET',
  url: '/api-docs/?ide_webview_request_time=1759281266001',
  status: 200,
  duration: '38ms',
  ip: '::1',
  userAgent: 'Mozilla/5.0 (Windows NT 10.0; Win64; x64) AppleWebKit/537.36 (KHTML, like Gecko) Trae/1.100.3 Chrome/132.0.6834.210 Electron/34.5.1 Safari/537.36',
  userId: 'anonymous',
  level: 'info',
  message: 'HTTP Request',
  timestamp: '2025-09-30 22:14:26'
}
{
  service: 'cuadernillo-backend',
  environment: 'development',
  method: 'GET',
  url: '/api-docs/swagger-ui-init.js',
  status: 200,
  duration: '3ms',
  ip: '::1',
  userAgent: 'Mozilla/5.0 (Windows NT 10.0; Win64; x64) AppleWebKit/537.36 (KHTML, like Gecko) Trae/1.100.3 Chrome/132.0.6834.210 Electron/34.5.1 Safari/537.36',
  userId: 'anonymous',
  level: 'info',
  message: 'HTTP Request',
  timestamp: '2025-09-30 22:14:26'
}
{
  service: 'cuadernillo-backend',
  environment: 'development',
  method: 'GET',
  url: '/api-docs/swagger-ui.css',
  status: 200,
  duration: '36ms',
  ip: '::1',
  userAgent: 'Mozilla/5.0 (Windows NT 10.0; Win64; x64) AppleWebKit/537.36 (KHTML, like Gecko) Trae/1.100.3 Chrome/132.0.6834.210 Electron/34.5.1 Safari/537.36',
  userId: 'anonymous',
  level: 'info',
  message: 'HTTP Request',
  timestamp: '2025-09-30 22:14:26'
}
{
  service: 'cuadernillo-backend',
  environment: 'development',
  method: 'GET',
  url: '/api-docs/swagger-ui-standalone-preset.js',
  status: 200,
  duration: '99ms',
  ip: '::1',
  userAgent: 'Mozilla/5.0 (Windows NT 10.0; Win64; x64) AppleWebKit/537.36 (KHTML, like Gecko) Trae/1.100.3 Chrome/132.0.6834.210 Electron/34.5.1 Safari/537.36',
  userId: 'anonymous',
  level: 'info',
  message: 'HTTP Request',
  timestamp: '2025-09-30 22:14:26'
}
{
  service: 'cuadernillo-backend',
  environment: 'development',
  method: 'GET',
  url: '/api-docs/swagger-ui-bundle.js',
  status: 200,
  duration: '150ms',
  ip: '::1',
  userAgent: 'Mozilla/5.0 (Windows NT 10.0; Win64; x64) AppleWebKit/537.36 (KHTML, like Gecko) Trae/1.100.3 Chrome/132.0.6834.210 Electron/34.5.1 Safari/537.36',
  userId: 'anonymous',
  level: 'info',
  message: 'HTTP Request',
  timestamp: '2025-09-30 22:14:26'
}
{
  service: 'cuadernillo-backend',
  environment: 'development',
  method: 'GET',
  url: '/health',
  status: 503,
  duration: '1ms',
  ip: '::1',
  userAgent: 'Mozilla/5.0 (Windows NT; Windows NT 10.0; es-AR) WindowsPowerShell/5.1.19041.1682',
  userId: 'anonymous',
  level: 'warn',
  message: 'HTTP Error',
  timestamp: '2025-09-30 22:15:28'
}
{
  service: 'cuadernillo-backend',
  environment: 'development',
  method: 'GET',
  url: '/health',
  status: 503,
  duration: '0ms',
  ip: '::1',
  userAgent: 'Mozilla/5.0 (Windows NT 10.0; Win64; x64) AppleWebKit/537.36 (KHTML, like Gecko) Chrome/140.0.0.0 Safari/537.36 Edg/140.0.0.0',
  userId: 'anonymous',
  level: 'warn',
  message: 'HTTP Error',
  timestamp: '2025-09-30 22:16:13'
}
{
  service: 'cuadernillo-backend',
  environment: 'development',
  error: 'logger.audit is not a function',
  stack: 'TypeError: logger.audit is not a function\n' +
    '    at C:\\Users\\TinChoX\\Desktop\\COSAS DE PROGRAMACION\\Feria Yaviers\\cuadernillo-interactivo\\backend\\app.js:253:10\n' +
    '    at Layer.handle [as handle_request] (C:\\Users\\TinChoX\\Desktop\\COSAS DE PROGRAMACION\\Feria Yaviers\\cuadernillo-interactivo\\backend\\node_modules\\express\\lib\\router\\layer.js:95:5)\n' +
    '    at trim_prefix (C:\\Users\\TinChoX\\Desktop\\COSAS DE PROGRAMACION\\Feria Yaviers\\cuadernillo-interactivo\\backend\\node_modules\\express\\lib\\router\\index.js:328:13)\n' +
    '    at C:\\Users\\TinChoX\\Desktop\\COSAS DE PROGRAMACION\\Feria Yaviers\\cuadernillo-interactivo\\backend\\node_modules\\express\\lib\\router\\index.js:286:9\n' +
    '    at param (C:\\Users\\TinChoX\\Desktop\\COSAS DE PROGRAMACION\\Feria Yaviers\\cuadernillo-interactivo\\backend\\node_modules\\express\\lib\\router\\index.js:365:14)\n' +
    '    at param (C:\\Users\\TinChoX\\Desktop\\COSAS DE PROGRAMACION\\Feria Yaviers\\cuadernillo-interactivo\\backend\\node_modules\\express\\lib\\router\\index.js:376:14)\n' +
    '    at Function.process_params (C:\\Users\\TinChoX\\Desktop\\COSAS DE PROGRAMACION\\Feria Yaviers\\cuadernillo-interactivo\\backend\\node_modules\\express\\lib\\router\\index.js:421:3)\n' +
    '    at next (C:\\Users\\TinChoX\\Desktop\\COSAS DE PROGRAMACION\\Feria Yaviers\\cuadernillo-interactivo\\backend\\node_modules\\express\\lib\\router\\index.js:280:10)\n' +
    '    at logRequest (C:\\Users\\TinChoX\\Desktop\\COSAS DE PROGRAMACION\\Feria Yaviers\\cuadernillo-interactivo\\backend\\utils\\logger.js:158:3)\n' +
    '    at Layer.handle [as handle_request] (C:\\Users\\TinChoX\\Desktop\\COSAS DE PROGRAMACION\\Feria Yaviers\\cuadernillo-interactivo\\backend\\node_modules\\express\\lib\\router\\layer.js:95:5)',
  method: 'GET',
  url: '/favicon.ico',
  ip: '::1',
  userAgent: 'Mozilla/5.0 (Windows NT 10.0; Win64; x64) AppleWebKit/537.36 (KHTML, like Gecko) Chrome/140.0.0.0 Safari/537.36 Edg/140.0.0.0',
  body: {},
  level: 'error',
  message: 'Unhandled error',
  timestamp: '2025-09-30 22:16:15'
}
{
  service: 'cuadernillo-backend',
  environment: 'development',
  method: 'GET',
  url: '/favicon.ico',
  status: 500,
  duration: '8ms',
  ip: '::1',
  userAgent: 'Mozilla/5.0 (Windows NT 10.0; Win64; x64) AppleWebKit/537.36 (KHTML, like Gecko) Chrome/140.0.0.0 Safari/537.36 Edg/140.0.0.0',
  userId: 'anonymous',
  level: 'warn',
  message: 'HTTP Error',
  timestamp: '2025-09-30 22:16:15'
}
{
  service: 'cuadernillo-backend',
  environment: 'development',
  error: 'logger.audit is not a function',
  stack: 'TypeError: logger.audit is not a function\n' +
    '    at C:\\Users\\TinChoX\\Desktop\\COSAS DE PROGRAMACION\\Feria Yaviers\\cuadernillo-interactivo\\backend\\app.js:253:10\n' +
    '    at Layer.handle [as handle_request] (C:\\Users\\TinChoX\\Desktop\\COSAS DE PROGRAMACION\\Feria Yaviers\\cuadernillo-interactivo\\backend\\node_modules\\express\\lib\\router\\layer.js:95:5)\n' +
    '    at trim_prefix (C:\\Users\\TinChoX\\Desktop\\COSAS DE PROGRAMACION\\Feria Yaviers\\cuadernillo-interactivo\\backend\\node_modules\\express\\lib\\router\\index.js:328:13)\n' +
    '    at C:\\Users\\TinChoX\\Desktop\\COSAS DE PROGRAMACION\\Feria Yaviers\\cuadernillo-interactivo\\backend\\node_modules\\express\\lib\\router\\index.js:286:9\n' +
    '    at param (C:\\Users\\TinChoX\\Desktop\\COSAS DE PROGRAMACION\\Feria Yaviers\\cuadernillo-interactivo\\backend\\node_modules\\express\\lib\\router\\index.js:365:14)\n' +
    '    at param (C:\\Users\\TinChoX\\Desktop\\COSAS DE PROGRAMACION\\Feria Yaviers\\cuadernillo-interactivo\\backend\\node_modules\\express\\lib\\router\\index.js:376:14)\n' +
    '    at Function.process_params (C:\\Users\\TinChoX\\Desktop\\COSAS DE PROGRAMACION\\Feria Yaviers\\cuadernillo-interactivo\\backend\\node_modules\\express\\lib\\router\\index.js:421:3)\n' +
    '    at next (C:\\Users\\TinChoX\\Desktop\\COSAS DE PROGRAMACION\\Feria Yaviers\\cuadernillo-interactivo\\backend\\node_modules\\express\\lib\\router\\index.js:280:10)\n' +
    '    at logRequest (C:\\Users\\TinChoX\\Desktop\\COSAS DE PROGRAMACION\\Feria Yaviers\\cuadernillo-interactivo\\backend\\utils\\logger.js:158:3)\n' +
    '    at Layer.handle [as handle_request] (C:\\Users\\TinChoX\\Desktop\\COSAS DE PROGRAMACION\\Feria Yaviers\\cuadernillo-interactivo\\backend\\node_modules\\express\\lib\\router\\layer.js:95:5)',
  method: 'GET',
  url: '/',
  ip: '::1',
  userAgent: 'Mozilla/5.0 (Windows NT 10.0; Win64; x64) AppleWebKit/537.36 (KHTML, like Gecko) Chrome/140.0.0.0 Safari/537.36 Edg/140.0.0.0',
  body: {},
  level: 'error',
  message: 'Unhandled error',
  timestamp: '2025-09-30 22:17:10'
}
{
  service: 'cuadernillo-backend',
  environment: 'development',
  method: 'GET',
  url: '/',
  status: 500,
  duration: '12ms',
  ip: '::1',
  userAgent: 'Mozilla/5.0 (Windows NT 10.0; Win64; x64) AppleWebKit/537.36 (KHTML, like Gecko) Chrome/140.0.0.0 Safari/537.36 Edg/140.0.0.0',
  userId: 'anonymous',
  level: 'warn',
  message: 'HTTP Error',
  timestamp: '2025-09-30 22:17:10'
}
{
  service: 'cuadernillo-backend',
  environment: 'development',
  error: 'logger.audit is not a function',
  stack: 'TypeError: logger.audit is not a function\n' +
    '    at C:\\Users\\TinChoX\\Desktop\\COSAS DE PROGRAMACION\\Feria Yaviers\\cuadernillo-interactivo\\backend\\app.js:253:10\n' +
    '    at Layer.handle [as handle_request] (C:\\Users\\TinChoX\\Desktop\\COSAS DE PROGRAMACION\\Feria Yaviers\\cuadernillo-interactivo\\backend\\node_modules\\express\\lib\\router\\layer.js:95:5)\n' +
    '    at trim_prefix (C:\\Users\\TinChoX\\Desktop\\COSAS DE PROGRAMACION\\Feria Yaviers\\cuadernillo-interactivo\\backend\\node_modules\\express\\lib\\router\\index.js:328:13)\n' +
    '    at C:\\Users\\TinChoX\\Desktop\\COSAS DE PROGRAMACION\\Feria Yaviers\\cuadernillo-interactivo\\backend\\node_modules\\express\\lib\\router\\index.js:286:9\n' +
    '    at param (C:\\Users\\TinChoX\\Desktop\\COSAS DE PROGRAMACION\\Feria Yaviers\\cuadernillo-interactivo\\backend\\node_modules\\express\\lib\\router\\index.js:365:14)\n' +
    '    at param (C:\\Users\\TinChoX\\Desktop\\COSAS DE PROGRAMACION\\Feria Yaviers\\cuadernillo-interactivo\\backend\\node_modules\\express\\lib\\router\\index.js:376:14)\n' +
    '    at Function.process_params (C:\\Users\\TinChoX\\Desktop\\COSAS DE PROGRAMACION\\Feria Yaviers\\cuadernillo-interactivo\\backend\\node_modules\\express\\lib\\router\\index.js:421:3)\n' +
    '    at next (C:\\Users\\TinChoX\\Desktop\\COSAS DE PROGRAMACION\\Feria Yaviers\\cuadernillo-interactivo\\backend\\node_modules\\express\\lib\\router\\index.js:280:10)\n' +
    '    at logRequest (C:\\Users\\TinChoX\\Desktop\\COSAS DE PROGRAMACION\\Feria Yaviers\\cuadernillo-interactivo\\backend\\utils\\logger.js:158:3)\n' +
    '    at Layer.handle [as handle_request] (C:\\Users\\TinChoX\\Desktop\\COSAS DE PROGRAMACION\\Feria Yaviers\\cuadernillo-interactivo\\backend\\node_modules\\express\\lib\\router\\layer.js:95:5)',
  method: 'GET',
  url: '/favicon.ico',
  ip: '::1',
  userAgent: 'Mozilla/5.0 (Windows NT 10.0; Win64; x64) AppleWebKit/537.36 (KHTML, like Gecko) Chrome/140.0.0.0 Safari/537.36 Edg/140.0.0.0',
  body: {},
  level: 'error',
  message: 'Unhandled error',
  timestamp: '2025-09-30 22:17:11'
}
{
  service: 'cuadernillo-backend',
  environment: 'development',
  method: 'GET',
  url: '/favicon.ico',
  status: 500,
  duration: '135ms',
  ip: '::1',
  userAgent: 'Mozilla/5.0 (Windows NT 10.0; Win64; x64) AppleWebKit/537.36 (KHTML, like Gecko) Chrome/140.0.0.0 Safari/537.36 Edg/140.0.0.0',
  userId: 'anonymous',
  level: 'warn',
  message: 'HTTP Error',
  timestamp: '2025-09-30 22:17:11'
}
{
  service: 'cuadernillo-backend',
  environment: 'development',
  method: 'GET',
  url: '/api/info',
  status: 200,
  duration: '0ms',
  ip: '::1',
  userAgent: 'Mozilla/5.0 (Windows NT; Windows NT 10.0; es-AR) WindowsPowerShell/5.1.19041.1682',
  userId: 'anonymous',
  level: 'info',
  message: 'HTTP Request',
  timestamp: '2025-09-30 22:18:48'
}
{
  service: 'cuadernillo-backend',
  environment: 'development',
  method: 'GET',
  url: '/api/info',
  status: 200,
  duration: '0ms',
  ip: '::1',
  userAgent: 'Mozilla/5.0 (Windows NT 10.0; Win64; x64) AppleWebKit/537.36 (KHTML, like Gecko) Chrome/140.0.0.0 Safari/537.36 Edg/140.0.0.0',
  userId: 'anonymous',
  level: 'info',
  message: 'HTTP Request',
  timestamp: '2025-09-30 22:19:24'
}
{
  service: 'cuadernillo-backend',
  environment: 'development',
  error: 'logger.audit is not a function',
  stack: 'TypeError: logger.audit is not a function\n' +
    '    at C:\\Users\\TinChoX\\Desktop\\COSAS DE PROGRAMACION\\Feria Yaviers\\cuadernillo-interactivo\\backend\\app.js:253:10\n' +
    '    at Layer.handle [as handle_request] (C:\\Users\\TinChoX\\Desktop\\COSAS DE PROGRAMACION\\Feria Yaviers\\cuadernillo-interactivo\\backend\\node_modules\\express\\lib\\router\\layer.js:95:5)\n' +
    '    at trim_prefix (C:\\Users\\TinChoX\\Desktop\\COSAS DE PROGRAMACION\\Feria Yaviers\\cuadernillo-interactivo\\backend\\node_modules\\express\\lib\\router\\index.js:328:13)\n' +
    '    at C:\\Users\\TinChoX\\Desktop\\COSAS DE PROGRAMACION\\Feria Yaviers\\cuadernillo-interactivo\\backend\\node_modules\\express\\lib\\router\\index.js:286:9\n' +
    '    at param (C:\\Users\\TinChoX\\Desktop\\COSAS DE PROGRAMACION\\Feria Yaviers\\cuadernillo-interactivo\\backend\\node_modules\\express\\lib\\router\\index.js:365:14)\n' +
    '    at param (C:\\Users\\TinChoX\\Desktop\\COSAS DE PROGRAMACION\\Feria Yaviers\\cuadernillo-interactivo\\backend\\node_modules\\express\\lib\\router\\index.js:376:14)\n' +
    '    at Function.process_params (C:\\Users\\TinChoX\\Desktop\\COSAS DE PROGRAMACION\\Feria Yaviers\\cuadernillo-interactivo\\backend\\node_modules\\express\\lib\\router\\index.js:421:3)\n' +
    '    at next (C:\\Users\\TinChoX\\Desktop\\COSAS DE PROGRAMACION\\Feria Yaviers\\cuadernillo-interactivo\\backend\\node_modules\\express\\lib\\router\\index.js:280:10)\n' +
    '    at logRequest (C:\\Users\\TinChoX\\Desktop\\COSAS DE PROGRAMACION\\Feria Yaviers\\cuadernillo-interactivo\\backend\\utils\\logger.js:158:3)\n' +
    '    at Layer.handle [as handle_request] (C:\\Users\\TinChoX\\Desktop\\COSAS DE PROGRAMACION\\Feria Yaviers\\cuadernillo-interactivo\\backend\\node_modules\\express\\lib\\router\\layer.js:95:5)',
  method: 'GET',
  url: '/favicon.ico',
  ip: '::1',
  userAgent: 'Mozilla/5.0 (Windows NT 10.0; Win64; x64) AppleWebKit/537.36 (KHTML, like Gecko) Chrome/140.0.0.0 Safari/537.36 Edg/140.0.0.0',
  body: {},
  level: 'error',
  message: 'Unhandled error',
  timestamp: '2025-09-30 22:19:25'
}
{
  service: 'cuadernillo-backend',
  environment: 'development',
  method: 'GET',
  url: '/favicon.ico',
  status: 500,
  duration: '10ms',
  ip: '::1',
  userAgent: 'Mozilla/5.0 (Windows NT 10.0; Win64; x64) AppleWebKit/537.36 (KHTML, like Gecko) Chrome/140.0.0.0 Safari/537.36 Edg/140.0.0.0',
  userId: 'anonymous',
  level: 'warn',
  message: 'HTTP Error',
  timestamp: '2025-09-30 22:19:25'
}
{
  service: 'cuadernillo-backend',
  environment: 'development',
  method: 'GET',
  url: '/health',
  status: 503,
  duration: '1ms',
  ip: '::1',
  userAgent: 'Mozilla/5.0 (Windows NT 10.0; Win64; x64) AppleWebKit/537.36 (KHTML, like Gecko) Trae/1.100.3 Chrome/132.0.6834.210 Electron/34.5.1 Safari/537.36',
  userId: 'anonymous',
  level: 'warn',
  message: 'HTTP Error',
  timestamp: '2025-09-30 22:20:33'
}
{
  service: 'cuadernillo-backend',
  environment: 'development',
  method: 'GET',
  url: '/health',
  status: 503,
  duration: '1ms',
  ip: '::1',
  userAgent: 'Mozilla/5.0 (Windows NT 10.0; Win64; x64) AppleWebKit/537.36 (KHTML, like Gecko) Trae/1.100.3 Chrome/132.0.6834.210 Electron/34.5.1 Safari/537.36',
  userId: 'anonymous',
  level: 'warn',
  message: 'HTTP Error',
  timestamp: '2025-09-30 22:21:03'
}
{
  service: 'cuadernillo-backend',
  environment: 'development',
  method: 'GET',
  url: '/api/info',
  status: 200,
  duration: '0ms',
  ip: '::1',
  userAgent: 'Mozilla/5.0 (Windows NT 10.0; Win64; x64) AppleWebKit/537.36 (KHTML, like Gecko) Trae/1.100.3 Chrome/132.0.6834.210 Electron/34.5.1 Safari/537.36',
  userId: 'anonymous',
  level: 'info',
  message: 'HTTP Request',
  timestamp: '2025-09-30 22:21:13'
}
{
  service: 'cuadernillo-backend',
  environment: 'development',
  method: 'GET',
  url: '/api/modules',
  status: 401,
  duration: '1ms',
  ip: '::1',
  userAgent: 'Mozilla/5.0 (Windows NT 10.0; Win64; x64) AppleWebKit/537.36 (KHTML, like Gecko) Trae/1.100.3 Chrome/132.0.6834.210 Electron/34.5.1 Safari/537.36',
  userId: 'anonymous',
  level: 'warn',
  message: 'HTTP Error',
  timestamp: '2025-09-30 22:21:14'
}
{
  service: 'cuadernillo-backend',
  environment: 'development',
  method: 'GET',
  url: '/health',
  status: 503,
  duration: '0ms',
  ip: '::1',
  userAgent: 'Mozilla/5.0 (Windows NT 10.0; Win64; x64) AppleWebKit/537.36 (KHTML, like Gecko) Trae/1.100.3 Chrome/132.0.6834.210 Electron/34.5.1 Safari/537.36',
  userId: 'anonymous',
  level: 'warn',
  message: 'HTTP Error',
  timestamp: '2025-09-30 22:21:25'
}
{
  service: 'cuadernillo-backend',
  environment: 'development',
  method: 'GET',
  url: '/api/modules',
  status: 401,
  duration: '0ms',
  ip: '::1',
  userAgent: 'Mozilla/5.0 (Windows NT 10.0; Win64; x64) AppleWebKit/537.36 (KHTML, like Gecko) Trae/1.100.3 Chrome/132.0.6834.210 Electron/34.5.1 Safari/537.36',
  userId: 'anonymous',
  level: 'warn',
  message: 'HTTP Error',
  timestamp: '2025-09-30 22:21:33'
}
{
  service: 'cuadernillo-backend',
  environment: 'development',
  method: 'GET',
  url: '/health',
  status: 503,
  duration: '1ms',
  ip: '::1',
  userAgent: 'Mozilla/5.0 (Windows NT 10.0; Win64; x64) AppleWebKit/537.36 (KHTML, like Gecko) Trae/1.100.3 Chrome/132.0.6834.210 Electron/34.5.1 Safari/537.36',
  userId: 'anonymous',
  level: 'warn',
  message: 'HTTP Error',
  timestamp: '2025-09-30 22:21:33'
}
{
  service: 'cuadernillo-backend',
  environment: 'development',
  method: 'POST',
  url: '/api/modules',
  status: 401,
  duration: '0ms',
  ip: '::1',
  userAgent: 'Mozilla/5.0 (Windows NT 10.0; Win64; x64) AppleWebKit/537.36 (KHTML, like Gecko) Trae/1.100.3 Chrome/132.0.6834.210 Electron/34.5.1 Safari/537.36',
  userId: 'anonymous',
  level: 'warn',
  message: 'HTTP Error',
  timestamp: '2025-09-30 22:21:39'
}
{
  service: 'cuadernillo-backend',
  environment: 'development',
  method: 'GET',
  url: '/api/modules',
  status: 401,
  duration: '0ms',
  ip: '::1',
  userAgent: 'Mozilla/5.0 (Windows NT 10.0; Win64; x64) AppleWebKit/537.36 (KHTML, like Gecko) Trae/1.100.3 Chrome/132.0.6834.210 Electron/34.5.1 Safari/537.36',
  userId: 'anonymous',
  level: 'warn',
  message: 'HTTP Error',
  timestamp: '2025-09-30 22:21:40'
}
{
  service: 'cuadernillo-backend',
  environment: 'development',
  method: 'POST',
  url: '/api/modules',
  status: 401,
  duration: '0ms',
  ip: '::1',
  userAgent: 'Mozilla/5.0 (Windows NT 10.0; Win64; x64) AppleWebKit/537.36 (KHTML, like Gecko) Trae/1.100.3 Chrome/132.0.6834.210 Electron/34.5.1 Safari/537.36',
  userId: 'anonymous',
  level: 'warn',
  message: 'HTTP Error',
  timestamp: '2025-09-30 22:21:41'
}
{
  service: 'cuadernillo-backend',
  environment: 'development',
  method: 'GET',
  url: '/api/modules',
  status: 401,
  duration: '0ms',
  ip: '::1',
  userAgent: 'Mozilla/5.0 (Windows NT 10.0; Win64; x64) AppleWebKit/537.36 (KHTML, like Gecko) Trae/1.100.3 Chrome/132.0.6834.210 Electron/34.5.1 Safari/537.36',
  userId: 'anonymous',
  level: 'warn',
  message: 'HTTP Error',
  timestamp: '2025-09-30 22:21:42'
}
{
  service: 'cuadernillo-backend',
  environment: 'development',
  error: 'logger.audit is not a function',
  stack: 'TypeError: logger.audit is not a function\n' +
    '    at C:\\Users\\TinChoX\\Desktop\\COSAS DE PROGRAMACION\\Feria Yaviers\\cuadernillo-interactivo\\backend\\app.js:253:10\n' +
    '    at Layer.handle [as handle_request] (C:\\Users\\TinChoX\\Desktop\\COSAS DE PROGRAMACION\\Feria Yaviers\\cuadernillo-interactivo\\backend\\node_modules\\express\\lib\\router\\layer.js:95:5)\n' +
    '    at trim_prefix (C:\\Users\\TinChoX\\Desktop\\COSAS DE PROGRAMACION\\Feria Yaviers\\cuadernillo-interactivo\\backend\\node_modules\\express\\lib\\router\\index.js:328:13)\n' +
    '    at C:\\Users\\TinChoX\\Desktop\\COSAS DE PROGRAMACION\\Feria Yaviers\\cuadernillo-interactivo\\backend\\node_modules\\express\\lib\\router\\index.js:286:9\n' +
    '    at param (C:\\Users\\TinChoX\\Desktop\\COSAS DE PROGRAMACION\\Feria Yaviers\\cuadernillo-interactivo\\backend\\node_modules\\express\\lib\\router\\index.js:365:14)\n' +
    '    at param (C:\\Users\\TinChoX\\Desktop\\COSAS DE PROGRAMACION\\Feria Yaviers\\cuadernillo-interactivo\\backend\\node_modules\\express\\lib\\router\\index.js:376:14)\n' +
    '    at Function.process_params (C:\\Users\\TinChoX\\Desktop\\COSAS DE PROGRAMACION\\Feria Yaviers\\cuadernillo-interactivo\\backend\\node_modules\\express\\lib\\router\\index.js:421:3)\n' +
    '    at next (C:\\Users\\TinChoX\\Desktop\\COSAS DE PROGRAMACION\\Feria Yaviers\\cuadernillo-interactivo\\backend\\node_modules\\express\\lib\\router\\index.js:280:10)\n' +
    '    at C:\\Users\\TinChoX\\Desktop\\COSAS DE PROGRAMACION\\Feria Yaviers\\cuadernillo-interactivo\\backend\\node_modules\\express\\lib\\router\\index.js:646:15\n' +
    '    at next (C:\\Users\\TinChoX\\Desktop\\COSAS DE PROGRAMACION\\Feria Yaviers\\cuadernillo-interactivo\\backend\\node_modules\\express\\lib\\router\\index.js:265:14)',
  method: 'GET',
  url: '/api/auth/me',
  ip: '::1',
  userAgent: 'Mozilla/5.0 (Windows NT 10.0; Win64; x64) AppleWebKit/537.36 (KHTML, like Gecko) Trae/1.100.3 Chrome/132.0.6834.210 Electron/34.5.1 Safari/537.36',
  body: {},
  level: 'error',
  message: 'Unhandled error',
  timestamp: '2025-09-30 22:21:48'
}
{
  service: 'cuadernillo-backend',
  environment: 'development',
  method: 'GET',
  url: '/api/auth/me',
  status: 500,
  duration: '5ms',
  ip: '::1',
  userAgent: 'Mozilla/5.0 (Windows NT 10.0; Win64; x64) AppleWebKit/537.36 (KHTML, like Gecko) Trae/1.100.3 Chrome/132.0.6834.210 Electron/34.5.1 Safari/537.36',
  userId: 'anonymous',
  level: 'warn',
  message: 'HTTP Error',
  timestamp: '2025-09-30 22:21:48'
}
{
  service: 'cuadernillo-backend',
  environment: 'development',
  reason: 'logger.error is not a function',
  stack: 'TypeError: logger.error is not a function\n' +
    '    at login (C:\\Users\\TinChoX\\Desktop\\COSAS DE PROGRAMACION\\Feria Yaviers\\cuadernillo-interactivo\\backend\\controllers\\authController.js:279:12)\n' +
    '    at process.processTicksAndRejections (node:internal/process/task_queues:95:5)',
  promise: '[object Promise]',
  level: 'error',
  message: 'Unhandled Rejection',
  timestamp: '2025-09-30 22:21:55'
}
{
  service: 'cuadernillo-backend',
  environment: 'development',
  reason: 'TypeError: logger.error is not a function',
  promise: '[object Promise]',
  level: 'error',
  message: 'Promesa rechazada no manejada',
  timestamp: '2025-09-30 22:21:55'
}
