{
  service: 'cuadernillo-backend',
  environment: 'development',
  error: 'connect ECONNREFUSED ::1:27017, connect ECONNREFUSED 127.0.0.1:27017',
  level: 'error',
  message: 'Error al conectar a MongoDB',
  timestamp: '2025-09-30 22:12:41'
}
{
  service: 'cuadernillo-backend',
  environment: 'development',
  error: 'logger.audit is not a function',
  stack: 'TypeError: logger.audit is not a function\n' +
    '    at C:\\Users\\TinChoX\\Desktop\\COSAS DE PROGRAMACION\\Feria Yaviers\\cuadernillo-interactivo\\backend\\app.js:253:10\n' +
    '    at Layer.handle [as handle_request] (C:\\Users\\TinChoX\\Desktop\\COSAS DE PROGRAMACION\\Feria Yaviers\\cuadernillo-interactivo\\backend\\node_modules\\express\\lib\\router\\layer.js:95:5)\n' +
    '    at trim_prefix (C:\\Users\\TinChoX\\Desktop\\COSAS DE PROGRAMACION\\Feria Yaviers\\cuadernillo-interactivo\\backend\\node_modules\\express\\lib\\router\\index.js:328:13)\n' +
    '    at C:\\Users\\TinChoX\\Desktop\\COSAS DE PROGRAMACION\\Feria Yaviers\\cuadernillo-interactivo\\backend\\node_modules\\express\\lib\\router\\index.js:286:9\n' +
    '    at param (C:\\Users\\TinChoX\\Desktop\\COSAS DE PROGRAMACION\\Feria Yaviers\\cuadernillo-interactivo\\backend\\node_modules\\express\\lib\\router\\index.js:365:14)\n' +
    '    at param (C:\\Users\\TinChoX\\Desktop\\COSAS DE PROGRAMACION\\Feria Yaviers\\cuadernillo-interactivo\\backend\\node_modules\\express\\lib\\router\\index.js:376:14)\n' +
    '    at Function.process_params (C:\\Users\\TinChoX\\Desktop\\COSAS DE PROGRAMACION\\Feria Yaviers\\cuadernillo-interactivo\\backend\\node_modules\\express\\lib\\router\\index.js:421:3)\n' +
    '    at next (C:\\Users\\TinChoX\\Desktop\\COSAS DE PROGRAMACION\\Feria Yaviers\\cuadernillo-interactivo\\backend\\node_modules\\express\\lib\\router\\index.js:280:10)\n' +
    '    at logRequest (C:\\Users\\TinChoX\\Desktop\\COSAS DE PROGRAMACION\\Feria Yaviers\\cuadernillo-interactivo\\backend\\utils\\logger.js:158:3)\n' +
    '    at Layer.handle [as handle_request] (C:\\Users\\TinChoX\\Desktop\\COSAS DE PROGRAMACION\\Feria Yaviers\\cuadernillo-interactivo\\backend\\node_modules\\express\\lib\\router\\layer.js:95:5)',
  method: 'GET',
  url: '/favicon.ico',
  ip: '::1',
  userAgent: 'Mozilla/5.0 (Windows NT 10.0; Win64; x64) AppleWebKit/537.36 (KHTML, like Gecko) Chrome/140.0.0.0 Safari/537.36 Edg/140.0.0.0',
  body: {},
  level: 'error',
  message: 'Unhandled error',
  timestamp: '2025-09-30 22:16:15'
}
{
  service: 'cuadernillo-backend',
  environment: 'development',
  error: 'logger.audit is not a function',
  stack: 'TypeError: logger.audit is not a function\n' +
    '    at C:\\Users\\TinChoX\\Desktop\\COSAS DE PROGRAMACION\\Feria Yaviers\\cuadernillo-interactivo\\backend\\app.js:253:10\n' +
    '    at Layer.handle [as handle_request] (C:\\Users\\TinChoX\\Desktop\\COSAS DE PROGRAMACION\\Feria Yaviers\\cuadernillo-interactivo\\backend\\node_modules\\express\\lib\\router\\layer.js:95:5)\n' +
    '    at trim_prefix (C:\\Users\\TinChoX\\Desktop\\COSAS DE PROGRAMACION\\Feria Yaviers\\cuadernillo-interactivo\\backend\\node_modules\\express\\lib\\router\\index.js:328:13)\n' +
    '    at C:\\Users\\TinChoX\\Desktop\\COSAS DE PROGRAMACION\\Feria Yaviers\\cuadernillo-interactivo\\backend\\node_modules\\express\\lib\\router\\index.js:286:9\n' +
    '    at param (C:\\Users\\TinChoX\\Desktop\\COSAS DE PROGRAMACION\\Feria Yaviers\\cuadernillo-interactivo\\backend\\node_modules\\express\\lib\\router\\index.js:365:14)\n' +
    '    at param (C:\\Users\\TinChoX\\Desktop\\COSAS DE PROGRAMACION\\Feria Yaviers\\cuadernillo-interactivo\\backend\\node_modules\\express\\lib\\router\\index.js:376:14)\n' +
    '    at Function.process_params (C:\\Users\\TinChoX\\Desktop\\COSAS DE PROGRAMACION\\Feria Yaviers\\cuadernillo-interactivo\\backend\\node_modules\\express\\lib\\router\\index.js:421:3)\n' +
    '    at next (C:\\Users\\TinChoX\\Desktop\\COSAS DE PROGRAMACION\\Feria Yaviers\\cuadernillo-interactivo\\backend\\node_modules\\express\\lib\\router\\index.js:280:10)\n' +
    '    at logRequest (C:\\Users\\TinChoX\\Desktop\\COSAS DE PROGRAMACION\\Feria Yaviers\\cuadernillo-interactivo\\backend\\utils\\logger.js:158:3)\n' +
    '    at Layer.handle [as handle_request] (C:\\Users\\TinChoX\\Desktop\\COSAS DE PROGRAMACION\\Feria Yaviers\\cuadernillo-interactivo\\backend\\node_modules\\express\\lib\\router\\layer.js:95:5)',
  method: 'GET',
  url: '/',
  ip: '::1',
  userAgent: 'Mozilla/5.0 (Windows NT 10.0; Win64; x64) AppleWebKit/537.36 (KHTML, like Gecko) Chrome/140.0.0.0 Safari/537.36 Edg/140.0.0.0',
  body: {},
  level: 'error',
  message: 'Unhandled error',
  timestamp: '2025-09-30 22:17:10'
}
{
  service: 'cuadernillo-backend',
  environment: 'development',
  error: 'logger.audit is not a function',
  stack: 'TypeError: logger.audit is not a function\n' +
    '    at C:\\Users\\TinChoX\\Desktop\\COSAS DE PROGRAMACION\\Feria Yaviers\\cuadernillo-interactivo\\backend\\app.js:253:10\n' +
    '    at Layer.handle [as handle_request] (C:\\Users\\TinChoX\\Desktop\\COSAS DE PROGRAMACION\\Feria Yaviers\\cuadernillo-interactivo\\backend\\node_modules\\express\\lib\\router\\layer.js:95:5)\n' +
    '    at trim_prefix (C:\\Users\\TinChoX\\Desktop\\COSAS DE PROGRAMACION\\Feria Yaviers\\cuadernillo-interactivo\\backend\\node_modules\\express\\lib\\router\\index.js:328:13)\n' +
    '    at C:\\Users\\TinChoX\\Desktop\\COSAS DE PROGRAMACION\\Feria Yaviers\\cuadernillo-interactivo\\backend\\node_modules\\express\\lib\\router\\index.js:286:9\n' +
    '    at param (C:\\Users\\TinChoX\\Desktop\\COSAS DE PROGRAMACION\\Feria Yaviers\\cuadernillo-interactivo\\backend\\node_modules\\express\\lib\\router\\index.js:365:14)\n' +
    '    at param (C:\\Users\\TinChoX\\Desktop\\COSAS DE PROGRAMACION\\Feria Yaviers\\cuadernillo-interactivo\\backend\\node_modules\\express\\lib\\router\\index.js:376:14)\n' +
    '    at Function.process_params (C:\\Users\\TinChoX\\Desktop\\COSAS DE PROGRAMACION\\Feria Yaviers\\cuadernillo-interactivo\\backend\\node_modules\\express\\lib\\router\\index.js:421:3)\n' +
    '    at next (C:\\Users\\TinChoX\\Desktop\\COSAS DE PROGRAMACION\\Feria Yaviers\\cuadernillo-interactivo\\backend\\node_modules\\express\\lib\\router\\index.js:280:10)\n' +
    '    at logRequest (C:\\Users\\TinChoX\\Desktop\\COSAS DE PROGRAMACION\\Feria Yaviers\\cuadernillo-interactivo\\backend\\utils\\logger.js:158:3)\n' +
    '    at Layer.handle [as handle_request] (C:\\Users\\TinChoX\\Desktop\\COSAS DE PROGRAMACION\\Feria Yaviers\\cuadernillo-interactivo\\backend\\node_modules\\express\\lib\\router\\layer.js:95:5)',
  method: 'GET',
  url: '/favicon.ico',
  ip: '::1',
  userAgent: 'Mozilla/5.0 (Windows NT 10.0; Win64; x64) AppleWebKit/537.36 (KHTML, like Gecko) Chrome/140.0.0.0 Safari/537.36 Edg/140.0.0.0',
  body: {},
  level: 'error',
  message: 'Unhandled error',
  timestamp: '2025-09-30 22:17:11'
}
{
  service: 'cuadernillo-backend',
  environment: 'development',
  error: 'logger.audit is not a function',
  stack: 'TypeError: logger.audit is not a function\n' +
    '    at C:\\Users\\TinChoX\\Desktop\\COSAS DE PROGRAMACION\\Feria Yaviers\\cuadernillo-interactivo\\backend\\app.js:253:10\n' +
    '    at Layer.handle [as handle_request] (C:\\Users\\TinChoX\\Desktop\\COSAS DE PROGRAMACION\\Feria Yaviers\\cuadernillo-interactivo\\backend\\node_modules\\express\\lib\\router\\layer.js:95:5)\n' +
    '    at trim_prefix (C:\\Users\\TinChoX\\Desktop\\COSAS DE PROGRAMACION\\Feria Yaviers\\cuadernillo-interactivo\\backend\\node_modules\\express\\lib\\router\\index.js:328:13)\n' +
    '    at C:\\Users\\TinChoX\\Desktop\\COSAS DE PROGRAMACION\\Feria Yaviers\\cuadernillo-interactivo\\backend\\node_modules\\express\\lib\\router\\index.js:286:9\n' +
    '    at param (C:\\Users\\TinChoX\\Desktop\\COSAS DE PROGRAMACION\\Feria Yaviers\\cuadernillo-interactivo\\backend\\node_modules\\express\\lib\\router\\index.js:365:14)\n' +
    '    at param (C:\\Users\\TinChoX\\Desktop\\COSAS DE PROGRAMACION\\Feria Yaviers\\cuadernillo-interactivo\\backend\\node_modules\\express\\lib\\router\\index.js:376:14)\n' +
    '    at Function.process_params (C:\\Users\\TinChoX\\Desktop\\COSAS DE PROGRAMACION\\Feria Yaviers\\cuadernillo-interactivo\\backend\\node_modules\\express\\lib\\router\\index.js:421:3)\n' +
    '    at next (C:\\Users\\TinChoX\\Desktop\\COSAS DE PROGRAMACION\\Feria Yaviers\\cuadernillo-interactivo\\backend\\node_modules\\express\\lib\\router\\index.js:280:10)\n' +
    '    at logRequest (C:\\Users\\TinChoX\\Desktop\\COSAS DE PROGRAMACION\\Feria Yaviers\\cuadernillo-interactivo\\backend\\utils\\logger.js:158:3)\n' +
    '    at Layer.handle [as handle_request] (C:\\Users\\TinChoX\\Desktop\\COSAS DE PROGRAMACION\\Feria Yaviers\\cuadernillo-interactivo\\backend\\node_modules\\express\\lib\\router\\layer.js:95:5)',
  method: 'GET',
  url: '/favicon.ico',
  ip: '::1',
  userAgent: 'Mozilla/5.0 (Windows NT 10.0; Win64; x64) AppleWebKit/537.36 (KHTML, like Gecko) Chrome/140.0.0.0 Safari/537.36 Edg/140.0.0.0',
  body: {},
  level: 'error',
  message: 'Unhandled error',
  timestamp: '2025-09-30 22:19:25'
}
{
  service: 'cuadernillo-backend',
  environment: 'development',
  error: 'logger.audit is not a function',
  stack: 'TypeError: logger.audit is not a function\n' +
    '    at C:\\Users\\TinChoX\\Desktop\\COSAS DE PROGRAMACION\\Feria Yaviers\\cuadernillo-interactivo\\backend\\app.js:253:10\n' +
    '    at Layer.handle [as handle_request] (C:\\Users\\TinChoX\\Desktop\\COSAS DE PROGRAMACION\\Feria Yaviers\\cuadernillo-interactivo\\backend\\node_modules\\express\\lib\\router\\layer.js:95:5)\n' +
    '    at trim_prefix (C:\\Users\\TinChoX\\Desktop\\COSAS DE PROGRAMACION\\Feria Yaviers\\cuadernillo-interactivo\\backend\\node_modules\\express\\lib\\router\\index.js:328:13)\n' +
    '    at C:\\Users\\TinChoX\\Desktop\\COSAS DE PROGRAMACION\\Feria Yaviers\\cuadernillo-interactivo\\backend\\node_modules\\express\\lib\\router\\index.js:286:9\n' +
    '    at param (C:\\Users\\TinChoX\\Desktop\\COSAS DE PROGRAMACION\\Feria Yaviers\\cuadernillo-interactivo\\backend\\node_modules\\express\\lib\\router\\index.js:365:14)\n' +
    '    at param (C:\\Users\\TinChoX\\Desktop\\COSAS DE PROGRAMACION\\Feria Yaviers\\cuadernillo-interactivo\\backend\\node_modules\\express\\lib\\router\\index.js:376:14)\n' +
    '    at Function.process_params (C:\\Users\\TinChoX\\Desktop\\COSAS DE PROGRAMACION\\Feria Yaviers\\cuadernillo-interactivo\\backend\\node_modules\\express\\lib\\router\\index.js:421:3)\n' +
    '    at next (C:\\Users\\TinChoX\\Desktop\\COSAS DE PROGRAMACION\\Feria Yaviers\\cuadernillo-interactivo\\backend\\node_modules\\express\\lib\\router\\index.js:280:10)\n' +
    '    at C:\\Users\\TinChoX\\Desktop\\COSAS DE PROGRAMACION\\Feria Yaviers\\cuadernillo-interactivo\\backend\\node_modules\\express\\lib\\router\\index.js:646:15\n' +
    '    at next (C:\\Users\\TinChoX\\Desktop\\COSAS DE PROGRAMACION\\Feria Yaviers\\cuadernillo-interactivo\\backend\\node_modules\\express\\lib\\router\\index.js:265:14)',
  method: 'GET',
  url: '/api/auth/me',
  ip: '::1',
  userAgent: 'Mozilla/5.0 (Windows NT 10.0; Win64; x64) AppleWebKit/537.36 (KHTML, like Gecko) Trae/1.100.3 Chrome/132.0.6834.210 Electron/34.5.1 Safari/537.36',
  body: {},
  level: 'error',
  message: 'Unhandled error',
  timestamp: '2025-09-30 22:21:48'
}
{
  service: 'cuadernillo-backend',
  environment: 'development',
  reason: 'logger.error is not a function',
  stack: 'TypeError: logger.error is not a function\n' +
    '    at login (C:\\Users\\TinChoX\\Desktop\\COSAS DE PROGRAMACION\\Feria Yaviers\\cuadernillo-interactivo\\backend\\controllers\\authController.js:279:12)\n' +
    '    at process.processTicksAndRejections (node:internal/process/task_queues:95:5)',
  promise: '[object Promise]',
  level: 'error',
  message: 'Unhandled Rejection',
  timestamp: '2025-09-30 22:21:55'
}
{
  service: 'cuadernillo-backend',
  environment: 'development',
  reason: 'TypeError: logger.error is not a function',
  promise: '[object Promise]',
  level: 'error',
  message: 'Promesa rechazada no manejada',
  timestamp: '2025-09-30 22:21:55'
}
